SF:lib\presentation\utils\formats\number_formats_util.dart
DA:2,2
DA:4,6
DA:6,8
DA:7,4
DA:8,4
DA:9,2
DA:12,2
LF:7
LH:7
end_of_record
SF:lib\main.dart
DA:4,0
DA:7,2
DA:9,1
DA:11,1
DA:12,1
LF:5
LH:4
end_of_record
SF:lib\domain\models\alert_card_model.dart
DA:5,0
LF:1
LH:0
end_of_record
SF:lib\domain\models\item_home_drawer_model.dart
DA:15,1
DA:21,1
DA:22,1
LF:3
LH:3
end_of_record
SF:lib\presentation\screens\home_screen\home_screen.dart
DA:12,2
DA:14,1
DA:16,1
DA:17,1
DA:18,1
DA:27,1
DA:29,1
DA:32,2
DA:34,1
DA:35,1
DA:38,1
DA:40,1
DA:41,1
DA:45,1
DA:46,1
DA:48,2
DA:49,1
DA:51,1
DA:55,1
DA:58,1
DA:61,2
DA:65,1
LF:22
LH:22
end_of_record
SF:lib\presentation\screens\alert_screen\alert_screen.dart
DA:17,1
DA:19,0
DA:21,0
DA:22,0
DA:23,0
DA:28,0
DA:30,0
DA:33,0
DA:60,0
DA:62,0
DA:64,0
DA:67,0
DA:70,0
DA:72,0
DA:74,0
DA:76,0
DA:77,0
LF:17
LH:1
end_of_record
SF:lib\presentation\screens\alert_screen\widgets\card_alert_screen_widget.dart
DA:18,0
DA:20,0
DA:22,0
DA:23,0
DA:26,0
DA:29,0
DA:33,0
DA:34,0
DA:35,0
DA:37,0
DA:41,0
DA:44,0
DA:49,0
DA:58,0
DA:60,0
DA:62,0
DA:66,0
DA:67,0
LF:18
LH:0
end_of_record
SF:lib\presentation\share\widgets\home_drawer_widget.dart
DA:9,1
DA:13,0
DA:15,0
DA:16,0
DA:17,0
DA:22,0
DA:23,0
DA:25,0
DA:26,0
DA:27,0
DA:28,0
DA:35,0
DA:36,0
DA:37,0
LF:14
LH:1
end_of_record
SF:lib\presentation\share\widgets\icon_button_widget.dart
DA:8,1
DA:14,1
DA:16,1
DA:17,1
DA:18,2
LF:5
LH:5
end_of_record
SF:lib\presentation\share\widgets\text_widget.dart
DA:12,3
DA:18,1
DA:20,1
DA:21,1
DA:22,1
DA:23,2
DA:24,1
LF:7
LH:7
end_of_record
